<?xml version="1.0" encoding="UTF-8"?>
<testsuite xmlns:xsi="http://www.w3.org/2001/XMLSchema-instance" xsi:noNamespaceSchemaLocation="https://maven.apache.org/surefire/maven-surefire-plugin/xsd/surefire-test-report-3.0.xsd" version="3.0" name="MongoDBTest" time="3.717" tests="1" errors="0" skipped="0" failures="0">
  <properties>
[...]
</properties>
  <testcase name="testMongoDBConnection" classname="MongoDBTest" time="3.354">
    <system-out><![CDATA[Connected to MongoDB successfully!
]]></system-out>
    <system-err><![CDATA[Oct 01, 2023 11:31:45 PM com.mongodb.diagnostics.logging.JULLogger log
INFO: Cluster created with settings {hosts=[172.18.0.2:27017], mode=SINGLE, requiredClusterType=UNKNOWN, serverSelectionTimeout='30000 ms', maxWaitQueueSize=500}
]]></system-err>
  </testcase>
</testsuite>